<?xml version="1.0" encoding="UTF-8" ?>
<testsuites>
  <testsuite errors="0" failures="0" hostname="DESKTOP-STDHGJK" id="0" name="InterpolatorTest" package="Interpolation" skipped="0" tests="24" time="0.055" timestamp="2023-10-25T03:47:25">
      <properties>
[...]
</properties>

      <testcase classname="Interpolation.InterpolatorTest" name="testCalculateOffsetIterationLesser" time="0.002" />

      <testcase classname="Interpolation.InterpolatorTest" name="testInterpolatorLargeDataList" time="0.002" />

      <testcase classname="Interpolation.InterpolatorTest" name="testSum" time="0.001" />

      <testcase classname="Interpolation.InterpolatorTest" name="testTimesOtherPolynomialNull" time="0.001" />

      <testcase classname="Interpolation.InterpolatorTest" name="testCanIncrementTimesBackwardNull" time="0.001" />

      <testcase classname="Interpolation.InterpolatorTest" name="testTimesPolynomialsEmpty" time="0.0" />

      <testcase classname="Interpolation.InterpolatorTest" name="testZero" time="0.0" />

      <testcase classname="Interpolation.InterpolatorTest" name="testTimesRingNull" time="0.001" />

      <testcase classname="Interpolation.InterpolatorTest" name="testInterpolatorNullDataValue" time="0.0" />

      <testcase classname="Interpolation.InterpolatorTest" name="legacyTestInterpolatingPolynomial" time="0.0" />

      <testcase classname="Interpolation.InterpolatorTest" name="testInterpolatorDataListEmpty" time="0.0" />

      <testcase classname="Interpolation.InterpolatorTest" name="testProduct" time="0.002" />

      <testcase classname="Interpolation.InterpolatorTest" name="testCalculateOffsetSizeEqual" time="0.0" />

      <testcase classname="Interpolation.InterpolatorTest" name="testIdentity" time="0.0" />

      <testcase classname="Interpolation.InterpolatorTest" name="testInterpolatorNullRing" time="0.001" />

      <testcase classname="Interpolation.InterpolatorTest" name="testCalculateOffsetNegativeIteration" time="0.0" />

      <testcase classname="Interpolation.InterpolatorTest" name="testCanIncrementTimesForwardNext" time="0.0" />

      <testcase classname="Interpolation.InterpolatorTest" name="testCanIncrementTimesForwardNull" time="0.0" />

      <testcase classname="Interpolation.InterpolatorTest" name="testCalculateOffsetNegativeSize" time="0.0" />

      <testcase classname="Interpolation.InterpolatorTest" name="testInterpolatorNullDataList" time="0.001" />

      <testcase classname="Interpolation.InterpolatorTest" name="testCalculateOffsetIterationGreater" time="0.0" />

      <testcase classname="Interpolation.InterpolatorTest" name="testCanIncrementTimesForwardNotNext" time="0.0" />

      <testcase classname="Interpolation.InterpolatorTest" name="stressTestInterpolation" time="0.005" />

      <testcase classname="Interpolation.InterpolatorTest" name="testTimesIterationLessSize" time="0.0" />

      <system-out><![CDATA[]]></system-out>

      <system-err><![CDATA[]]></system-err>

  </testsuite>
</testsuites>
